Total messages: 12 (Errors: 3, Warnings: 8)

[ERROR] Failed to load resource: the server responded with a status of 401 () @ https://openpantry-mlrww2ba-r6oo3a214-vibe-stack-team.vercel.app/:0
[LOG] %c
▲

    ________   _ __ _          ____           __
   /  _/ __/  (_) /( )_____   / __/___ ______/ /_
   / // /_   / / __/// ___/  / /_/ __ `/ ___/ __/
 _/ // __/  / / /_  (__  )  / __/ /_/ (__  ) /_
/___/_/    /_/\__/ /____/  /_/  \__,_/____/\__/
    _ __ _                         _    __                    __
   (_) /( )_____   ____  ____     | |  / /__  _____________  / /
  / / __/// ___/  / __ \/ __ \    | | / / _ \/ ___/ ___/ _ \/ /
 / / /_  (__  )  / /_/ / / / /    | |/ /  __/ /  / /__/  __/ /
/_/\__/ /____/   \____/_/ /_/     |___/\___/_/   \___/\___/_/
  

Hello!

- Open Source https://vercel.com/oss
- Careers https://vercel.com/careers
- Status https://vercel-status.com

 font-family: "Geist Mono", monospace; white-space: pre; line-height: 1; @ https://vercel.com/_next/static/chunks/c1a409339a03c3a6.js?dpl=dpl_DXm9gKsP8RiczmMBv7w1VAzEZUDC:72
[WARNING] [GSI_LOGGER]: Your client application uses one of the Google One Tap prompt UI status methods that may stop functioning when FedCM becomes mandatory. Refer to the migration guide to update your code accordingly and opt-in to FedCM to test your changes. Learn more: https://developers.google.com/identity/gsi/web/guides/fedcm-migration?s=dc#display_moment and https://developers.google.com/identity/gsi/web/guides/fedcm-migration?s=dc#skipped_moment @ https://accounts.google.com/gsi/client:80
[ERROR] Provider's accounts list is empty. @ https://vercel.com/login?next=%2Fsso-api%3Furl%3Dhttps%253A%252F%252Fopenpantry-mlrww2ba-r6oo3a214-vibe-stack-team.vercel.app%252F%26nonce%3D375f58e4d7c1d0c9a65fef2cfbcb44778bd76ef9ec5cc6d450c48d207b128f73:0
[ERROR] [GSI_LOGGER]: FedCM get() rejects with NetworkError: Error retrieving a token. @ https://vercel.com/_next/static/chunks/955987a4335db989.js?dpl=dpl_DXm9gKsP8RiczmMBv7w1VAzEZUDC:2
[WARNING] Deprecated API for given entry type. @ https://vercel.com/_next/static/chunks/b19fa70d03b305a4.js?dpl=dpl_DXm9gKsP8RiczmMBv7w1VAzEZUDC:18
[WARNING] The resource https://vercel.com/_next/static/media/797e433ab948586e.p.dbea232f.woff2 was preloaded using link preload but not used within a few seconds from the window's load event. Please make sure it has an appropriate `as` value and it is preloaded intentionally. @ https://vercel.com/login?next=%2Fsso-api%3Furl%3Dhttps%253A%252F%252Fopenpantry-mlrww2ba-r6oo3a214-vibe-stack-team.vercel.app%252F%26nonce%3D375f58e4d7c1d0c9a65fef2cfbcb44778bd76ef9ec5cc6d450c48d207b128f73:0
[WARNING] The resource https://vercel.com/_next/static/media/stripe-dark.aebeabe0.svg?dpl=dpl_DXm9gKsP8RiczmMBv7w1VAzEZUDC&dpl=dpl_DXm9gKsP8RiczmMBv7w1VAzEZUDC was preloaded using link preload but not used within a few seconds from the window's load event. Please make sure it has an appropriate `as` value and it is preloaded intentionally. @ https://vercel.com/login?next=%2Fsso-api%3Furl%3Dhttps%253A%252F%252Fopenpantry-mlrww2ba-r6oo3a214-vibe-stack-team.vercel.app%252F%26nonce%3D375f58e4d7c1d0c9a65fef2cfbcb44778bd76ef9ec5cc6d450c48d207b128f73:0
[WARNING] The resource https://vercel.com/_next/static/media/ebay-dark.c7572b4c.svg?dpl=dpl_DXm9gKsP8RiczmMBv7w1VAzEZUDC&dpl=dpl_DXm9gKsP8RiczmMBv7w1VAzEZUDC was preloaded using link preload but not used within a few seconds from the window's load event. Please make sure it has an appropriate `as` value and it is preloaded intentionally. @ https://vercel.com/login?next=%2Fsso-api%3Furl%3Dhttps%253A%252F%252Fopenpantry-mlrww2ba-r6oo3a214-vibe-stack-team.vercel.app%252F%26nonce%3D375f58e4d7c1d0c9a65fef2cfbcb44778bd76ef9ec5cc6d450c48d207b128f73:0
[WARNING] The resource https://vercel.com/_next/static/media/ebay-light.a2d1b485.svg?dpl=dpl_DXm9gKsP8RiczmMBv7w1VAzEZUDC&dpl=dpl_DXm9gKsP8RiczmMBv7w1VAzEZUDC was preloaded using link preload but not used within a few seconds from the window's load event. Please make sure it has an appropriate `as` value and it is preloaded intentionally. @ https://vercel.com/login?next=%2Fsso-api%3Furl%3Dhttps%253A%252F%252Fopenpantry-mlrww2ba-r6oo3a214-vibe-stack-team.vercel.app%252F%26nonce%3D375f58e4d7c1d0c9a65fef2cfbcb44778bd76ef9ec5cc6d450c48d207b128f73:0
[WARNING] The resource https://vercel.com/_next/static/media/caa3a2e1cccd8315.p.853070df.woff2 was preloaded using link preload but not used within a few seconds from the window's load event. Please make sure it has an appropriate `as` value and it is preloaded intentionally. @ https://vercel.com/login?next=%2Fsso-api%3Furl%3Dhttps%253A%252F%252Fopenpantry-mlrww2ba-r6oo3a214-vibe-stack-team.vercel.app%252F%26nonce%3D375f58e4d7c1d0c9a65fef2cfbcb44778bd76ef9ec5cc6d450c48d207b128f73:0
[WARNING] The resource https://vercel.com/_next/static/media/stripe-light.4919d80b.svg?dpl=dpl_DXm9gKsP8RiczmMBv7w1VAzEZUDC&dpl=dpl_DXm9gKsP8RiczmMBv7w1VAzEZUDC was preloaded using link preload but not used within a few seconds from the window's load event. Please make sure it has an appropriate `as` value and it is preloaded intentionally. @ https://vercel.com/login?next=%2Fsso-api%3Furl%3Dhttps%253A%252F%252Fopenpantry-mlrww2ba-r6oo3a214-vibe-stack-team.vercel.app%252F%26nonce%3D375f58e4d7c1d0c9a65fef2cfbcb44778bd76ef9ec5cc6d450c48d207b128f73:0